E:\LAMBDA\DEBUG\可变参数.EXE
E:\LAMBDA\DEBUG\可变参数.ILK
E:\LAMBDA\DEBUG\可变参数.PDB
E:\lambda\可变参数\Debug\cl.command.1.tlog
E:\lambda\可变参数\Debug\CL.read.1.tlog
E:\lambda\可变参数\Debug\CL.write.1.tlog
E:\lambda\可变参数\Debug\link.8172.read.1.tlog
E:\lambda\可变参数\Debug\link.8172.write.1.tlog
E:\lambda\可变参数\Debug\link.8172-cvtres.read.1.tlog
E:\lambda\可变参数\Debug\link.8172-cvtres.write.1.tlog
E:\lambda\可变参数\Debug\link.command.1.tlog
E:\lambda\可变参数\Debug\link.read.1.tlog
E:\lambda\可变参数\Debug\link.write.1.tlog
E:\lambda\可变参数\Debug\link-cvtres.read.1.tlog
E:\lambda\可变参数\Debug\link-cvtres.write.1.tlog
E:\LAMBDA\可变参数\DEBUG\MIAN.OBJ
E:\lambda\可变参数\Debug\mt.command.1.tlog
E:\lambda\可变参数\Debug\mt.read.1.tlog
E:\lambda\可变参数\Debug\mt.write.1.tlog
E:\lambda\可变参数\Debug\rc.command.1.tlog
E:\lambda\可变参数\Debug\rc.read.1.tlog
E:\lambda\可变参数\Debug\rc.write.1.tlog
E:\lambda\可变参数\Debug\vc100.idb
E:\LAMBDA\可变参数\DEBUG\VC100.PDB
E:\LAMBDA\可变参数\DEBUG\可变参数.EXE.EMBED.MANIFEST
E:\LAMBDA\可变参数\DEBUG\可变参数.EXE.EMBED.MANIFEST.RES
E:\LAMBDA\可变参数\DEBUG\可变参数.EXE.INTERMEDIATE.MANIFEST
E:\lambda\可变参数\Debug\可变参数.write.1.tlog
E:\lambda\可变参数\Debug\可变参数_manifest.rc
